2024-Jul-11 14:58:23 Наличие необходимых модулей php (check_php_modules): Ok
Все необходимые модули установлены
2024-Jul-11 14:58:23 Обязательные параметры PHP (check_php_settings): Ok
Настройки правильные
2024-Jul-11 14:58:23 Модули веб-сервера (check_security): Ok
Конфликтов не выявлено
2024-Jul-11 14:58:23 Значения переменных сервера (check_server_vars): Ok
Корректные
2024-Jul-11 14:58:23 Сохранение сессии (check_session): Ok
50% done
2024-Jul-11 14:58:23 Сохранение сессии (check_session): Ok
Успешно
2024-Jul-11 14:58:23 Параметры настройки UTF (mbstring и константа BX_UTF) (check_mbstring): Ok
Правильные. Сайт работает в UTF кодировке
2024-Jul-11 14:58:23 Служебные скрипты в корне сайта (check_install_scripts): Ok
Отсутствуют
2024-Jul-11 14:58:23 Работа с сокетами (check_socket): Fail
Connection to localhost:80	Fail
Socket error [111]: Connection refused

Ошибка! Не работает
2024-Jul-11 14:58:23 Выполнение агентов на cron (check_bx_crontab): Warning
Замечание. Агенты выполняются на хитах, рекомендуется перевести выполнение агентов на cron
2024-Jul-11 14:58:23 Параметры подключения к базе данных (check_dbconn_settings): Ok
Успешно
2024-Jul-11 14:58:23 Лишний вывод в файлах конфигурации (check_dbconn): Warning
Замечание. Не удалось проверить из-за ошибки в работе с сокетами
2024-Jul-11 14:58:23 Сохранение сессии без UserAgent (check_session_ua): Warning
Замечание. Не удалось проверить из-за ошибки в работе с сокетами
2024-Jul-11 14:58:23 Настройки сайтов (check_sites): Ok
Правильные
2024-Jul-11 14:58:23 Размер стека и pcre.recursion_limit (check_pcre_recursion): Warning
Замечание. Не удалось проверить из-за ошибки в работе с сокетами
2024-Jul-11 14:58:24 Загрузка файла (check_upload): Warning
Замечание. Не удалось проверить из-за ошибки в работе с сокетами
2024-Jul-11 14:58:24 Загрузка файла больше 4Мб (check_upload_big): Warning
Замечание. Не удалось проверить из-за ошибки в работе с сокетами
2024-Jul-11 14:58:24 Загрузка файла через php://input (check_upload_raw): Warning
Замечание. Не удалось проверить из-за ошибки в работе с сокетами
2024-Jul-11 14:58:24 Передача POST запроса с большим числом параметров (check_post): Warning
Замечание. Не удалось проверить из-за ошибки в работе с сокетами
2024-Jul-11 14:58:24 Отправка почты (check_mail): Fail
Ошибка! Не работает
2024-Jul-11 14:58:24 Отправка почтового сообщения больше 64Кб (check_mail_big): Fail
Ошибка! Не работает
2024-Jul-11 14:58:24 Проверка на наличие неотправленных сообщений (check_mail_b_event): Ok
Успешно
2024-Jul-11 14:58:24 Внутреннее перенаправление (функция LocalRedirect) (check_localredirect): Warning
Замечание. Не удалось проверить из-за ошибки в работе с сокетами
2024-Jul-11 14:58:24 Фактическое ограничение памяти (check_memory_limit): Warning
Замечание. Не удалось проверить из-за ошибки в работе с сокетами
2024-Jul-11 14:58:24 Работа с файлами кеша (check_cache): Ok
Успешно
2024-Jul-11 14:58:24 Доступ к серверу обновлений (check_update): Ok
Успешно
2024-Jul-11 14:58:24 HTTP авторизация (check_http_auth): Warning
Замечание. Не удалось проверить из-за ошибки в работе с сокетами
2024-Jul-11 14:58:24 Создание и запуск файла (check_exec): Warning
Замечание. Не удалось проверить из-за ошибки в работе с сокетами
2024-Jul-11 14:58:24 Функция getimagesize для swf (check_getimagesize): Ok
Успешно
2024-Jul-11 14:58:24 Версия MySQL-сервера (check_mysql_bug_version): Ok
Успешно
2024-Jul-11 14:58:25 Время на БД и веб-сервере (check_mysql_time): Ok
Успешно
2024-Jul-11 14:58:25 Режим работы MySQL (check_mysql_mode): Fail
Ошибка! innodb_strict_mode=ON, требуется OFF
2024-Jul-11 14:58:25 Кодировка соединения (check_mysql_connection_charset): Ok
character_set_connection=utf8, collation_connection=utf8_unicode_ci, character_set_results=utf8
Успешно
2024-Jul-11 14:58:25 Кодировка базы данных (check_mysql_db_charset): Ok
CHARSET=utf8mb3, COLLATION=utf8mb3_unicode_ci
Успешно
2024-Jul-11 14:58:26 Кодировки таблиц в БД (check_mysql_table_charset): Ok
Успешно
2024-Jul-11 14:58:27 Структура базы данных (check_mysql_table_structure): Ok
0% done
2024-Jul-11 14:58:28 Структура базы данных (check_mysql_table_structure): Ok
3% done
